<?xml version="1.0" encoding="UTF-8"?>
<coverage generated="1665157998181" clover="3.2.0">
  <project timestamp="1665157998181" name="All files">
    <metrics statements="5" coveredstatements="5" conditionals="2" coveredconditionals="2" methods="2" coveredmethods="2" elements="9" coveredelements="9" complexity="0" loc="5" ncloc="5" packages="1" files="1" classes="1"/>
    <file name="index.ts" path="/Users/nn/Sites/is-webview/src/index.ts">
      <metrics statements="5" coveredstatements="5" conditionals="2" coveredconditionals="2" methods="2" coveredmethods="2"/>
      <line num="1" count="1" type="cond" truecount="1" falsecount="0"/>
      <line num="2" count="12" type="stmt"/>
      <line num="3" count="12" type="stmt"/>
      <line num="4" count="1" type="stmt"/>
      <line num="5" count="1" type="cond" truecount="1" falsecount="0"/>
    </file>
  </project>
</coverage>
