{"/Users/nn/Sites/is-webview/src/index.ts": {"path":"/Users/nn/Sites/is-webview/src/index.ts","all":false,"statementMap":{"0":{"start":{"line":1,"column":0},"end":{"line":1,"column":42}},"1":{"start":{"line":2,"column":0},"end":{"line":2,"column":73}},"2":{"start":{"line":3,"column":0},"end":{"line":3,"column":1}},"3":{"start":{"line":4,"column":0},"end":{"line":4,"column":0}},"4":{"start":{"line":5,"column":0},"end":{"line":5,"column":20}}},"s":{"0":1,"1":12,"2":12,"3":1,"4":1},"branchMap":{"0":{"type":"branch","line":1,"loc":{"start":{"line":1,"column":41},"end":{"line":3,"column":1}},"locations":[{"start":{"line":1,"column":41},"end":{"line":3,"column":1}}]},"1":{"type":"branch","line":5,"loc":{"start":{"line":5,"column":9},"end":{"line":5,"column":20}},"locations":[{"start":{"line":5,"column":9},"end":{"line":5,"column":20}}]}},"b":{"0":[12],"1":[13]},"fnMap":{"0":{"name":"isWebview","decl":{"start":{"line":1,"column":41},"end":{"line":3,"column":1}},"loc":{"start":{"line":1,"column":41},"end":{"line":3,"column":1}},"line":1},"1":{"name":"get","decl":{"start":{"line":5,"column":9},"end":{"line":5,"column":20}},"loc":{"start":{"line":5,"column":9},"end":{"line":5,"column":20}},"line":5}},"f":{"0":12,"1":13}}
}
